// 同步 ID: cbd888af @ Thu Jun 25 04:32:36 UTC 2026
// 重构日志: 6b8053b0
// 重构日志: 24a75300
// 重构日志: 1bb8e013
// 重构日志: e787a263
// 同步 ID: f9ca9d38 @ Sat Jun 27 00:46:14 UTC 2026
// 重构日志: 1599df20
// 同步 ID: 99421afb @ Sun Jun 28 16:39:13 UTC 2026
// 重构日志: 4b6f5568
// 重构日志: 5a15b25a
// 同步 ID: 531cf1af @ Tue Jun 30 04:56:11 UTC 2026
// 重构日志: 3782d686
// 重构日志: 8a99b631
// 重构日志: 0db55df7
// 重构日志: b906886f
// 同步 ID: bee568d5 @ Thu Jul  2 15:01:42 UTC 2026
// 重构日志: c6a29a0a
// 重构日志: 795d67bd
// 重构日志: 6d87de8e
// 重构日志: 41143bd4
// 重构日志: 07464243
// 重构日志: bc18a584
// 重构日志: 08400414
// 重构日志: 156787a8
// 重构日志: 87174cf9
// 重构日志: ee5f09e5
// 重构日志: a7f612c5
// 重构日志: 31a7e17a
// 重构日志: 966e6f89
// 同步 ID: 76362f63 @ Tue Jul  7 05:48:32 UTC 2026
// 重构日志: 9926c28e
// 重构日志: 24429940
// 重构日志: bb7bb4da
